<?xml version="1.0" encoding="UTF-8"?>
<!-- Generated by org.testng.reporters.JUnitXMLReporter -->
<testsuite ignored="4" hostname="Om_Namah_Shivay" failures="0" tests="0" time="0.012" errors="0" timestamp="2024-04-25T22:40:00 IST">
  <testcase classname="TestNGG.MethodsOfTestNG" name="FifthTestCases" time="0.0">
    <ignored/>
  </testcase> <!-- FifthTestCases -->
  <testcase classname="TestNGG.MethodsOfTestNG" name="SecondTestCases2" time="0.0">
    <ignored/>
  </testcase> <!-- SecondTestCases2 -->
  <testcase classname="TestNGG.MethodsOfTestNG" name="ThirdTestCases" time="0.0">
    <ignored/>
  </testcase> <!-- ThirdTestCases -->
  <testcase classname="TestNGG.MethodsOfTestNG" name="ForthTestCases" time="0.0">
    <ignored/>
  </testcase> <!-- ForthTestCases -->
</testsuite>
