<?xml version="1.0" encoding="UTF-8"?>
<!-- Generated by org.testng.reporters.JUnitXMLReporter -->
<testsuite ignored="0" hostname="Om_Namah_Shivay" failures="0" tests="3" name="Test2" time="0.092" errors="0" timestamp="2024-04-25T18:31:39 IST">
  <testcase classname="TestNGG.ParallalExcution2" name="eightTestCases2" time="0.012"/>
  <testcase classname="TestNGG.ParallalExcution2" name="sevenTestCases" time="0.004"/>
  <testcase classname="TestNGG.ParallalExcution2" name="sixTestCases" time="0.002"/>
</testsuite> <!-- Test2 -->
